[INFO ] 11:39:17.569 [main] com.cjcx.pay.MallPayApplication - Starting MallPayApplication on guo-PC with PID 10020 (C:\Users\guo\workspace\idea\cloud-dev\mall-pay\target\classes started by guo in C:\Users\guo\workspace\idea\cloud-dev)
[INFO ] 11:39:17.610 [main] com.cjcx.pay.MallPayApplication - No active profile set, falling back to default profiles: default
[INFO ] 11:39:23.548 [main] c.c.p.f.druid.DataBaseConfiguration - 注入druid！！！
[INFO ] 11:39:25.263 [main] c.c.p.f.config.SpringContextHolder - 获取Spring上下文...
[INFO ] 11:39:29.242 [main] com.cjcx.pay.startup.InitServlet - InitServlet  start
[INFO ] 11:39:29.333 [main] com.cjcx.pay.cache.CacheHolder - ===>>> Init SystemParam Put End   <<<=== All Time:90
[INFO ] 11:39:29.335 [main] com.cjcx.pay.cache.CacheHolder - Cache 结束 用时:92ms
[INFO ] 11:39:29.336 [main] com.cjcx.pay.startup.InitServlet - InitServlet end
[INFO ] 11:39:29.353 [main] com.cjcx.pay.MallPayApplication - Started MallPayApplication in 13.016 seconds (JVM running for 16.092)
[INFO ] 11:40:00.034 [pool-1-thread-1] com.cjcx.pay.cache.CacheTask - 任务: pool-1-thread-1 SystemParam 结束 用时:21ms
[INFO ] 11:45:00.032 [pool-1-thread-1] com.cjcx.pay.cache.CacheTask - 任务: pool-1-thread-1 SystemParam 结束 用时:24ms
[INFO ] 11:45:25.466 [main] com.cjcx.pay.MallPayApplication - Starting MallPayApplication on guo-PC with PID 9500 (C:\Users\guo\workspace\idea\cloud-dev\mall-pay\target\classes started by guo in C:\Users\guo\workspace\idea\cloud-dev)
[INFO ] 11:45:25.477 [main] com.cjcx.pay.MallPayApplication - No active profile set, falling back to default profiles: default
[INFO ] 11:45:29.923 [main] c.c.p.f.druid.DataBaseConfiguration - 注入druid！！！
[INFO ] 11:45:31.545 [main] c.c.p.f.config.SpringContextHolder - 获取Spring上下文...
[INFO ] 11:45:33.405 [main] com.cjcx.pay.startup.InitServlet - InitServlet  start
[INFO ] 11:45:33.496 [main] com.cjcx.pay.cache.CacheHolder - ===>>> Init SystemParam Put End   <<<=== All Time:89
[INFO ] 11:45:33.498 [main] com.cjcx.pay.cache.CacheHolder - Cache 结束 用时:91ms
[INFO ] 11:45:33.499 [main] com.cjcx.pay.startup.InitServlet - InitServlet end
[INFO ] 11:45:33.520 [main] com.cjcx.pay.MallPayApplication - Started MallPayApplication in 8.963 seconds (JVM running for 12.918)
[INFO ] 11:45:54.621 [http-nio-8089-exec-1] c.c.p.f.i.AuthTokenInterceptor - can not cast handler to HandlerMethod.class
[INFO ] 11:46:12.684 [main] com.cjcx.pay.MallPayApplication - Starting MallPayApplication on guo-PC with PID 10060 (C:\Users\guo\workspace\idea\cloud-dev\mall-pay\target\classes started by guo in C:\Users\guo\workspace\idea\cloud-dev)
[INFO ] 11:46:12.689 [main] com.cjcx.pay.MallPayApplication - No active profile set, falling back to default profiles: default
[INFO ] 11:46:18.820 [main] c.c.p.f.druid.DataBaseConfiguration - 注入druid！！！
[INFO ] 11:46:20.571 [main] c.c.p.f.config.SpringContextHolder - 获取Spring上下文...
[INFO ] 11:46:24.144 [main] com.cjcx.pay.startup.InitServlet - InitServlet  start
[INFO ] 11:46:24.251 [main] com.cjcx.pay.cache.CacheHolder - ===>>> Init SystemParam Put End   <<<=== All Time:106
[INFO ] 11:46:24.252 [main] com.cjcx.pay.cache.CacheHolder - Cache 结束 用时:107ms
[INFO ] 11:46:24.254 [main] com.cjcx.pay.startup.InitServlet - InitServlet end
[INFO ] 11:46:24.278 [main] com.cjcx.pay.MallPayApplication - Started MallPayApplication in 12.588 seconds (JVM running for 15.244)
[INFO ] 11:46:29.398 [http-nio-8089-exec-1] com.cjcx.pay.service.LoginService - SP_LOGIN(admin, bb123456, 0:0:0:0:0:0:0:1 null)
[INFO ] 11:46:29.593 [http-nio-8089-exec-1] com.cjcx.pay.service.LoginService - login in:970c0defe21d0e118810134173dfb5e4
[INFO ] 11:46:29.617 [http-nio-8089-exec-1] com.cjcx.pay.api.v1.StaffController - Login user:admin, pwd:bb123456, ip:0:0:0:0:0:0:0:1 Result: {"permissions":[{"path":"/","component":"Home","name":"扫码管理","iconCls":"el-icon-menu","menuShow":true,"leaf":false,"level":1,"ordering":3,"id":2},{"path":"/","component":"Home","name":"店铺管理","iconCls":"el-icon-menu","menuShow":true,"leaf":false,"level":1,"ordering":11,"id":6},{"path":"/","component":"Home","name":"统计报表","iconCls":"el-icon-menu","menuShow":true,"leaf":false,"level":1,"ordering":55,"id":9},{"path":"/","component":"Home","name":"系统管理","iconCls":"el-icon-setting","menuShow":true,"leaf":false,"level":1,"ordering":99,"id":4},{"path":"/transaction/list","component":"transaction/list","name":"扫码记录","iconCls":"","menuShow":true,"leaf":true,"level":2,"ordering":100,"id":20},{"path":"/staff/list","component":"staff/list","name":"管理员列表","menuShow":true,"leaf":true,"level":2,"ordering":103,"id":40},{"path":"/staff/role","component":"staff/role","name":"角色列表","menuShow":true,"leaf":true,"level":2,"ordering":104,"id":41},{"path":"/staff/permissions","component":"staff/permissions","name":"权限资源","menuShow":true,"leaf":true,"level":2,"ordering":105,"id":42},{"path":"/shops/list","component":"shops/list","name":"店铺列表","menuShow":true,"leaf":true,"level":2,"ordering":109,"id":60},{"path":"/report/consume","component":"report/consume","name":"消费数据统计","menuShow":true,"leaf":true,"level":2,"ordering":113,"id":90}],"errorCode":"0","user":{"nickName":"超级管理员","id":1,"userName":"admin","email":"admin@qq.com"},"token":"970c0defe21d0e118810134173dfb5e4"}
[INFO ] 11:51:15.111 [main] com.cjcx.pay.MallPayApplication - Starting MallPayApplication on guo-PC with PID 9448 (C:\Users\guo\workspace\idea\cloud-dev\mall-pay\target\classes started by guo in C:\Users\guo\workspace\idea\cloud-dev)
[INFO ] 11:51:15.120 [main] com.cjcx.pay.MallPayApplication - No active profile set, falling back to default profiles: default
[INFO ] 11:51:20.726 [main] c.c.p.f.druid.DataBaseConfiguration - 注入druid！！！
[INFO ] 11:51:22.793 [main] c.c.p.f.config.SpringContextHolder - 获取Spring上下文...
[INFO ] 11:51:25.561 [main] com.cjcx.pay.startup.InitServlet - InitServlet  start
[INFO ] 11:51:25.653 [main] com.cjcx.pay.cache.CacheHolder - ===>>> Init SystemParam Put End   <<<=== All Time:90
[INFO ] 11:51:25.654 [main] com.cjcx.pay.cache.CacheHolder - Cache 结束 用时:91ms
[INFO ] 11:51:25.655 [main] com.cjcx.pay.startup.InitServlet - InitServlet end
[INFO ] 11:51:25.679 [main] com.cjcx.pay.MallPayApplication - Started MallPayApplication in 12.002 seconds (JVM running for 15.011)
[INFO ] 11:55:03.915 [main] com.cjcx.pay.MallPayApplication - Starting MallPayApplication on guo-PC with PID 10052 (C:\Users\guo\workspace\idea\cloud-dev\mall-pay\target\classes started by guo in C:\Users\guo\workspace\idea\cloud-dev)
[INFO ] 11:55:03.921 [main] com.cjcx.pay.MallPayApplication - No active profile set, falling back to default profiles: default
[INFO ] 11:55:09.280 [main] c.c.p.f.druid.DataBaseConfiguration - 注入druid！！！
[INFO ] 11:55:11.114 [main] c.c.p.f.config.SpringContextHolder - 获取Spring上下文...
[INFO ] 11:55:13.915 [main] com.cjcx.pay.startup.InitServlet - InitServlet  start
[INFO ] 11:55:14.008 [main] com.cjcx.pay.cache.CacheHolder - ===>>> Init SystemParam Put End   <<<=== All Time:91
[INFO ] 11:55:14.009 [main] com.cjcx.pay.cache.CacheHolder - Cache 结束 用时:92ms
[INFO ] 11:55:14.010 [main] com.cjcx.pay.startup.InitServlet - InitServlet end
[INFO ] 11:55:14.031 [main] com.cjcx.pay.MallPayApplication - Started MallPayApplication in 11.288 seconds (JVM running for 14.543)
[INFO ] 11:57:32.697 [http-nio-8089-exec-3] c.c.p.f.i.AuthTokenInterceptor - can not cast handler to HandlerMethod.class
[INFO ] 12:00:00.073 [cron-task1] com.cjcx.pay.cache.CacheTask - 任务: cron-task1 SystemParam 结束 用时:64ms
[INFO ] 12:01:18.219 [main] com.cjcx.pay.MallPayApplication - Starting MallPayApplication on guo-PC with PID 9012 (C:\Users\guo\workspace\idea\cloud-dev\mall-pay\target\classes started by guo in C:\Users\guo\workspace\idea\cloud-dev)
[INFO ] 12:01:18.226 [main] com.cjcx.pay.MallPayApplication - No active profile set, falling back to default profiles: default
[INFO ] 12:01:23.939 [main] c.c.p.f.druid.DataBaseConfiguration - 注入druid！！！
[INFO ] 12:01:25.739 [main] c.c.p.f.config.SpringContextHolder - 获取Spring上下文...
[INFO ] 12:01:28.995 [main] com.cjcx.pay.startup.InitServlet - InitServlet  start
[INFO ] 12:01:29.083 [main] com.cjcx.pay.cache.CacheHolder - ===>>> Init SystemParam Put End   <<<=== All Time:87
[INFO ] 12:01:29.084 [main] com.cjcx.pay.cache.CacheHolder - Cache 结束 用时:88ms
[INFO ] 12:01:29.084 [main] com.cjcx.pay.startup.InitServlet - InitServlet end
[INFO ] 12:01:29.104 [main] com.cjcx.pay.MallPayApplication - Started MallPayApplication in 12.404 seconds (JVM running for 15.302)
[INFO ] 12:03:26.824 [main] com.cjcx.pay.MallPayApplication - Starting MallPayApplication on guo-PC with PID 7984 (C:\Users\guo\workspace\idea\cloud-dev\mall-pay\target\classes started by guo in C:\Users\guo\workspace\idea\cloud-dev)
[INFO ] 12:03:26.832 [main] com.cjcx.pay.MallPayApplication - No active profile set, falling back to default profiles: default
[INFO ] 12:03:31.828 [main] c.c.p.f.druid.DataBaseConfiguration - 注入druid！！！
[INFO ] 12:03:33.653 [main] c.c.p.f.config.SpringContextHolder - 获取Spring上下文...
[INFO ] 12:03:36.412 [main] com.cjcx.pay.startup.InitServlet - InitServlet  start
[INFO ] 12:03:36.509 [main] com.cjcx.pay.cache.CacheHolder - ===>>> Init SystemParam Put End   <<<=== All Time:95
[INFO ] 12:03:36.511 [main] com.cjcx.pay.cache.CacheHolder - Cache 结束 用时:97ms
[INFO ] 12:03:36.511 [main] com.cjcx.pay.startup.InitServlet - InitServlet end
[INFO ] 12:03:36.529 [main] com.cjcx.pay.MallPayApplication - Started MallPayApplication in 10.912 seconds (JVM running for 15.163)
[INFO ] 12:05:00.056 [cron-task1] com.cjcx.pay.cache.CacheTask - 任务: cron-task1 SystemParam 结束 用时:53ms
[INFO ] 12:10:00.034 [cron-task1] com.cjcx.pay.cache.CacheTask - 任务: cron-task1 SystemParam 结束 用时:26ms
[INFO ] 12:11:32.230 [http-nio-8089-exec-5] c.c.p.f.i.AuthTokenInterceptor - can not cast handler to HandlerMethod.class
[INFO ] 12:14:48.065 [http-nio-8089-exec-6] c.c.p.f.i.AuthTokenInterceptor - can not cast handler to HandlerMethod.class
[INFO ] 12:14:48.093 [http-nio-8089-exec-7] com.cjcx.pay.service.LoginService - logout:970c0defe21d0e118810134173dfb5e4
[INFO ] 12:14:55.430 [http-nio-8089-exec-10] com.cjcx.pay.service.LoginService - SP_LOGIN(admin, bb123456, 0:0:0:0:0:0:0:1 null)
[INFO ] 12:14:55.609 [http-nio-8089-exec-10] com.cjcx.pay.service.LoginService - login in:ae10b3701eea6dd1f15f2bc78041924f
[INFO ] 12:14:55.639 [http-nio-8089-exec-10] com.cjcx.pay.api.v1.StaffController - Login user:admin, pwd:bb123456, ip:0:0:0:0:0:0:0:1 Result: {"permissions":[{"path":"/","component":"Home","name":"扫码管理","iconCls":"el-icon-menu","menuShow":true,"leaf":false,"level":1,"ordering":3,"id":2},{"path":"/","component":"Home","name":"店铺管理","iconCls":"el-icon-menu","menuShow":true,"leaf":false,"level":1,"ordering":11,"id":6},{"path":"/","component":"Home","name":"统计报表","iconCls":"el-icon-menu","menuShow":true,"leaf":false,"level":1,"ordering":55,"id":9},{"path":"/","component":"Home","name":"系统管理","iconCls":"el-icon-setting","menuShow":true,"leaf":false,"level":1,"ordering":99,"id":4},{"path":"/transaction/list","component":"transaction/list","name":"扫码记录","iconCls":"","menuShow":true,"leaf":true,"level":2,"ordering":100,"id":20},{"path":"/staff/list","component":"staff/list","name":"管理员列表","menuShow":true,"leaf":true,"level":2,"ordering":103,"id":40},{"path":"/staff/role","component":"staff/role","name":"角色列表","menuShow":true,"leaf":true,"level":2,"ordering":104,"id":41},{"path":"/staff/permissions","component":"staff/permissions","name":"权限资源","menuShow":true,"leaf":true,"level":2,"ordering":105,"id":42},{"path":"/shops/list","component":"shops/list","name":"店铺列表","menuShow":true,"leaf":true,"level":2,"ordering":109,"id":60},{"path":"/report/consume","component":"report/consume","name":"消费数据统计","menuShow":true,"leaf":true,"level":2,"ordering":113,"id":90}],"errorCode":"0","user":{"nickName":"超级管理员","id":1,"userName":"admin","email":"admin@qq.com"},"token":"ae10b3701eea6dd1f15f2bc78041924f"}
[INFO ] 12:15:00.023 [cron-task1] com.cjcx.pay.cache.CacheTask - 任务: cron-task1 SystemParam 结束 用时:15ms
[INFO ] 12:18:11.946 [http-nio-8089-exec-2] com.cjcx.pay.service.LoginService - logout:ae10b3701eea6dd1f15f2bc78041924f
[INFO ] 12:18:17.863 [http-nio-8089-exec-3] com.cjcx.pay.service.LoginService - SP_LOGIN(admin, bb123456, 0:0:0:0:0:0:0:1 null)
[INFO ] 12:18:17.984 [http-nio-8089-exec-3] com.cjcx.pay.service.LoginService - login in:ebba44f50399490099bb9fbf9cd0076d
[INFO ] 12:18:17.987 [http-nio-8089-exec-3] com.cjcx.pay.api.v1.StaffController - Login user:admin, pwd:bb123456, ip:0:0:0:0:0:0:0:1 Result: {"permissions":[{"path":"/","component":"Home","name":"扫码管理","iconCls":"el-icon-menu","menuShow":true,"leaf":false,"level":1,"ordering":3,"id":2},{"path":"/","component":"Home","name":"店铺管理","iconCls":"el-icon-menu","menuShow":true,"leaf":false,"level":1,"ordering":11,"id":6},{"path":"/","component":"Home","name":"统计报表","iconCls":"el-icon-menu","menuShow":true,"leaf":false,"level":1,"ordering":55,"id":9},{"path":"/","component":"Home","name":"系统管理","iconCls":"el-icon-setting","menuShow":true,"leaf":false,"level":1,"ordering":99,"id":4},{"path":"/transaction/list","component":"transaction/list","name":"扫码记录","iconCls":"","menuShow":true,"leaf":true,"level":2,"ordering":100,"id":20},{"path":"/staff/list","component":"staff/list","name":"管理员列表","menuShow":true,"leaf":true,"level":2,"ordering":103,"id":40},{"path":"/staff/role","component":"staff/role","name":"角色列表","menuShow":true,"leaf":true,"level":2,"ordering":104,"id":41},{"path":"/staff/permissions","component":"staff/permissions","name":"权限资源","menuShow":true,"leaf":true,"level":2,"ordering":105,"id":42},{"path":"/shops/list","component":"shops/list","name":"店铺列表","menuShow":true,"leaf":true,"level":2,"ordering":109,"id":60},{"path":"/report/consume","component":"report/consume","name":"消费数据统计","menuShow":true,"leaf":true,"level":2,"ordering":113,"id":90}],"errorCode":"0","user":{"nickName":"超级管理员","id":1,"userName":"admin","email":"admin@qq.com"},"token":"ebba44f50399490099bb9fbf9cd0076d"}
[INFO ] 12:20:00.058 [cron-task1] com.cjcx.pay.cache.CacheTask - 任务: cron-task1 SystemParam 结束 用时:50ms
[INFO ] 12:20:11.491 [http-nio-8089-exec-5] com.cjcx.pay.service.LoginService - logout:ebba44f50399490099bb9fbf9cd0076d
[INFO ] 12:20:47.561 [http-nio-8089-exec-8] com.cjcx.pay.service.LoginService - SP_LOGIN(admin, bb123456, 0:0:0:0:0:0:0:1 null)
[INFO ] 12:20:47.678 [http-nio-8089-exec-8] com.cjcx.pay.service.LoginService - login in:22d023c92238371f0ad67705a68c2586
[INFO ] 12:20:47.680 [http-nio-8089-exec-8] com.cjcx.pay.api.v1.StaffController - Login user:admin, pwd:bb123456, ip:0:0:0:0:0:0:0:1 Result: {"permissions":[{"path":"/","component":"Home","name":"扫码管理","iconCls":"el-icon-menu","menuShow":true,"leaf":false,"level":1,"ordering":3,"id":2},{"path":"/","component":"Home","name":"店铺管理","iconCls":"el-icon-menu","menuShow":true,"leaf":false,"level":1,"ordering":11,"id":6},{"path":"/","component":"Home","name":"统计报表","iconCls":"el-icon-menu","menuShow":true,"leaf":false,"level":1,"ordering":55,"id":9},{"path":"/","component":"Home","name":"系统管理","iconCls":"el-icon-setting","menuShow":true,"leaf":false,"level":1,"ordering":99,"id":4},{"path":"/transaction/list","component":"transaction/list","name":"扫码记录","iconCls":"","menuShow":true,"leaf":true,"level":2,"ordering":100,"id":20},{"path":"/staff/list","component":"staff/list","name":"管理员列表","menuShow":true,"leaf":true,"level":2,"ordering":103,"id":40},{"path":"/staff/role","component":"staff/role","name":"角色列表","menuShow":true,"leaf":true,"level":2,"ordering":104,"id":41},{"path":"/staff/permissions","component":"staff/permissions","name":"权限资源","menuShow":true,"leaf":true,"level":2,"ordering":105,"id":42},{"path":"/shops/list","component":"shops/list","name":"店铺列表","menuShow":true,"leaf":true,"level":2,"ordering":109,"id":60},{"path":"/report/consume","component":"report/consume","name":"消费数据统计","menuShow":true,"leaf":true,"level":2,"ordering":113,"id":90}],"errorCode":"0","user":{"nickName":"超级管理员","id":1,"userName":"admin","email":"admin@qq.com"},"token":"22d023c92238371f0ad67705a68c2586"}
[INFO ] 12:25:00.049 [cron-task1] com.cjcx.pay.cache.CacheTask - 任务: cron-task1 SystemParam 结束 用时:38ms
[INFO ] 12:25:23.176 [http-nio-8089-exec-6] c.c.p.f.i.AuthTokenInterceptor - can not cast handler to HandlerMethod.class
[INFO ] 12:25:23.195 [http-nio-8089-exec-7] com.cjcx.pay.service.LoginService - logout:22d023c92238371f0ad67705a68c2586
[INFO ] 12:25:28.189 [http-nio-8089-exec-10] com.cjcx.pay.service.LoginService - SP_LOGIN(admin, bb123456, 0:0:0:0:0:0:0:1 null)
[INFO ] 12:25:28.305 [http-nio-8089-exec-10] com.cjcx.pay.service.LoginService - login in:fb5bd9d93138aecab6ff1f6876556caa
[INFO ] 12:25:28.310 [http-nio-8089-exec-10] com.cjcx.pay.api.v1.StaffController - Login user:admin, pwd:bb123456, ip:0:0:0:0:0:0:0:1 Result: {"permissions":[{"path":"/","component":"Home","name":"扫码管理","iconCls":"el-icon-menu","menuShow":true,"leaf":false,"level":1,"ordering":3,"id":2},{"path":"/","component":"Home","name":"店铺管理","iconCls":"el-icon-menu","menuShow":true,"leaf":false,"level":1,"ordering":11,"id":6},{"path":"/","component":"Home","name":"统计报表","iconCls":"el-icon-menu","menuShow":true,"leaf":false,"level":1,"ordering":55,"id":9},{"path":"/","component":"Home","name":"系统管理","iconCls":"el-icon-setting","menuShow":true,"leaf":false,"level":1,"ordering":99,"id":4},{"path":"/transaction/list","component":"transaction/list","name":"扫码记录","iconCls":"","menuShow":true,"leaf":true,"level":2,"ordering":100,"id":20},{"path":"/staff/list","component":"staff/list","name":"管理员列表","menuShow":true,"leaf":true,"level":2,"ordering":103,"id":40},{"path":"/staff/role","component":"staff/role","name":"角色列表","menuShow":true,"leaf":true,"level":2,"ordering":104,"id":41},{"path":"/staff/permissions","component":"staff/permissions","name":"权限资源","menuShow":true,"leaf":true,"level":2,"ordering":105,"id":42},{"path":"/shops/list","component":"shops/list","name":"店铺列表","menuShow":true,"leaf":true,"level":2,"ordering":109,"id":60},{"path":"/report/consume","component":"report/consume","name":"消费数据统计","menuShow":true,"leaf":true,"level":2,"ordering":113,"id":90}],"errorCode":"0","user":{"nickName":"超级管理员","id":1,"userName":"admin","email":"admin@qq.com"},"token":"fb5bd9d93138aecab6ff1f6876556caa"}
[INFO ] 12:26:59.380 [main] com.cjcx.pay.MallPayApplication - Starting MallPayApplication on guo-PC with PID 5400 (C:\Users\guo\workspace\idea\cloud-dev\mall-pay\target\classes started by guo in C:\Users\guo\workspace\idea\cloud-dev)
[INFO ] 12:26:59.398 [main] com.cjcx.pay.MallPayApplication - No active profile set, falling back to default profiles: default
[INFO ] 12:27:05.268 [main] c.c.p.f.druid.DataBaseConfiguration - 注入druid！！！
[INFO ] 12:27:06.943 [main] c.c.p.f.config.SpringContextHolder - 获取Spring上下文...
[INFO ] 12:27:09.830 [main] com.cjcx.pay.startup.InitServlet - InitServlet  start
[INFO ] 12:27:09.922 [main] com.cjcx.pay.cache.CacheHolder - ===>>> Init SystemParam Put End   <<<=== All Time:90
[INFO ] 12:27:09.923 [main] com.cjcx.pay.cache.CacheHolder - Cache 结束 用时:91ms
[INFO ] 12:27:09.923 [main] com.cjcx.pay.startup.InitServlet - InitServlet end
[INFO ] 12:27:09.946 [main] com.cjcx.pay.MallPayApplication - Started MallPayApplication in 12.029 seconds (JVM running for 14.641)
[INFO ] 12:27:43.857 [http-nio-8089-exec-1] com.cjcx.pay.service.LoginService - logout:fb5bd9d93138aecab6ff1f6876556caa
[INFO ] 12:27:48.455 [http-nio-8089-exec-2] com.cjcx.pay.service.LoginService - SP_LOGIN(admin, bb123456, 0:0:0:0:0:0:0:1 null)
[INFO ] 12:27:48.649 [http-nio-8089-exec-2] com.cjcx.pay.service.LoginService - login in:2ef3d4ae151100f2bb62443646f21943
[INFO ] 12:27:48.674 [http-nio-8089-exec-2] com.cjcx.pay.api.v1.StaffController - Login user:admin, pwd:bb123456, ip:0:0:0:0:0:0:0:1 Result: {"permissions":[{"path":"/","component":"Home","name":"扫码管理","iconCls":"el-icon-menu","menuShow":true,"leaf":false,"level":1,"ordering":3,"parentId":0,"id":2},{"path":"/","component":"Home","name":"店铺管理","iconCls":"el-icon-menu","menuShow":true,"leaf":false,"level":1,"ordering":11,"parentId":0,"id":6},{"path":"/","component":"Home","name":"统计报表","iconCls":"el-icon-menu","menuShow":true,"leaf":false,"level":1,"ordering":55,"parentId":0,"id":9},{"path":"/","component":"Home","name":"系统管理","iconCls":"el-icon-setting","menuShow":true,"leaf":false,"level":1,"ordering":99,"parentId":0,"id":4},{"path":"/transaction/list","component":"transaction/list","name":"扫码记录","iconCls":"","menuShow":true,"leaf":true,"level":2,"ordering":100,"parentId":2,"id":20},{"path":"/staff/list","component":"staff/list","name":"管理员列表","menuShow":true,"leaf":true,"level":2,"ordering":103,"parentId":4,"id":40},{"path":"/staff/role","component":"staff/role","name":"角色列表","menuShow":true,"leaf":true,"level":2,"ordering":104,"parentId":4,"id":41},{"path":"/staff/permissions","component":"staff/permissions","name":"权限资源","menuShow":true,"leaf":true,"level":2,"ordering":105,"parentId":4,"id":42},{"path":"/shops/list","component":"shops/list","name":"店铺列表","menuShow":true,"leaf":true,"level":2,"ordering":109,"parentId":6,"id":60},{"path":"/report/consume","component":"report/consume","name":"消费数据统计","menuShow":true,"leaf":true,"level":2,"ordering":113,"parentId":9,"id":90}],"errorCode":"0","user":{"nickName":"超级管理员","id":1,"userName":"admin","email":"admin@qq.com"},"token":"2ef3d4ae151100f2bb62443646f21943"}
[INFO ] 12:27:51.891 [http-nio-8089-exec-3] c.c.p.f.i.AuthTokenInterceptor - can not cast handler to HandlerMethod.class
[INFO ] 12:27:54.826 [http-nio-8089-exec-6] c.c.p.f.i.AuthTokenInterceptor - can not cast handler to HandlerMethod.class
[INFO ] 12:28:02.154 [http-nio-8089-exec-8] c.c.p.f.i.AuthTokenInterceptor - can not cast handler to HandlerMethod.class
[INFO ] 12:28:02.156 [http-nio-8089-exec-7] c.c.p.f.i.AuthTokenInterceptor - can not cast handler to HandlerMethod.class
[INFO ] 12:28:10.762 [http-nio-8089-exec-2] c.c.p.f.i.AuthTokenInterceptor - can not cast handler to HandlerMethod.class
[INFO ] 12:28:10.764 [http-nio-8089-exec-1] c.c.p.f.i.AuthTokenInterceptor - can not cast handler to HandlerMethod.class
[INFO ] 12:28:12.315 [http-nio-8089-exec-6] c.c.p.f.i.AuthTokenInterceptor - can not cast handler to HandlerMethod.class
[INFO ] 12:28:14.360 [http-nio-8089-exec-7] c.c.p.f.i.AuthTokenInterceptor - can not cast handler to HandlerMethod.class
[INFO ] 12:30:00.056 [cron-task1] com.cjcx.pay.cache.CacheTask - 任务: cron-task1 SystemParam 结束 用时:40ms
[INFO ] 12:35:00.073 [cron-task1] com.cjcx.pay.cache.CacheTask - 任务: cron-task1 SystemParam 结束 用时:64ms
[INFO ] 12:40:00.043 [cron-task1] com.cjcx.pay.cache.CacheTask - 任务: cron-task1 SystemParam 结束 用时:35ms
[INFO ] 12:43:44.627 [http-nio-8089-exec-10] c.c.p.f.i.AuthTokenInterceptor - can not cast handler to HandlerMethod.class
[INFO ] 12:43:55.131 [http-nio-8089-exec-1] c.c.p.f.i.AuthTokenInterceptor - can not cast handler to HandlerMethod.class
[INFO ] 12:45:00.047 [cron-task1] com.cjcx.pay.cache.CacheTask - 任务: cron-task1 SystemParam 结束 用时:38ms
[INFO ] 12:45:31.955 [main] com.cjcx.pay.MallPayApplication - Starting MallPayApplication on guo-PC with PID 10004 (C:\Users\guo\workspace\idea\cloud-dev\mall-pay\target\classes started by guo in C:\Users\guo\workspace\idea\cloud-dev)
[INFO ] 12:45:31.960 [main] com.cjcx.pay.MallPayApplication - No active profile set, falling back to default profiles: default
[INFO ] 12:45:36.660 [main] c.c.p.f.druid.DataBaseConfiguration - 注入druid！！！
[INFO ] 12:45:37.952 [main] c.c.p.f.config.SpringContextHolder - 获取Spring上下文...
[INFO ] 12:45:39.650 [main] com.cjcx.pay.startup.InitServlet - InitServlet  start
[INFO ] 12:45:39.701 [main] com.cjcx.pay.cache.CacheHolder - ===>>> Init SystemParam Put End   <<<=== All Time:50
[INFO ] 12:45:39.702 [main] com.cjcx.pay.cache.CacheHolder - Cache 结束 用时:51ms
[INFO ] 12:45:39.703 [main] com.cjcx.pay.startup.InitServlet - InitServlet end
[INFO ] 12:45:39.714 [main] com.cjcx.pay.MallPayApplication - Started MallPayApplication in 8.605 seconds (JVM running for 10.389)
[INFO ] 12:50:00.036 [cron-task1] com.cjcx.pay.cache.CacheTask - 任务: cron-task1 SystemParam 结束 用时:30ms
[INFO ] 12:51:56.158 [http-nio-8089-exec-5] c.c.p.f.i.AuthTokenInterceptor - can not cast handler to HandlerMethod.class
[INFO ] 12:51:56.176 [http-nio-8089-exec-6] com.cjcx.pay.service.LoginService - logout:2ef3d4ae151100f2bb62443646f21943
[INFO ] 12:52:01.758 [http-nio-8089-exec-7] com.cjcx.pay.service.LoginService - SP_LOGIN(admin, bb123456, 0:0:0:0:0:0:0:1 null)
[INFO ] 12:52:01.966 [http-nio-8089-exec-7] com.cjcx.pay.service.LoginService - login in:1dbebe81c7ddacfd6c762d56eba7bae7
[INFO ] 12:52:01.986 [http-nio-8089-exec-7] com.cjcx.pay.api.v1.StaffController - Login user:admin, pwd:bb123456, ip:0:0:0:0:0:0:0:1 Result: {"permissions":[{"path":"/","component":"Home","name":"扫码管理","iconCls":"el-icon-menu","menuShow":true,"leaf":false,"level":1,"ordering":3,"parentId":0,"id":2},{"path":"/","component":"Home","name":"店铺管理","iconCls":"el-icon-menu","menuShow":true,"leaf":false,"level":1,"ordering":11,"parentId":0,"id":6},{"path":"/","component":"Home","name":"统计报表","iconCls":"el-icon-menu","menuShow":true,"leaf":false,"level":1,"ordering":55,"parentId":0,"id":9},{"path":"/","component":"Home","name":"系统管理","iconCls":"el-icon-setting","menuShow":true,"leaf":false,"level":1,"ordering":99,"parentId":0,"id":4},{"path":"/transaction/list","component":"transaction/list","name":"扫码记录","iconCls":"","menuShow":true,"leaf":true,"level":2,"ordering":100,"parentId":2,"id":20},{"path":"/staff/list","component":"staff/list","name":"管理员列表","menuShow":true,"leaf":true,"level":2,"ordering":103,"parentId":4,"id":40},{"path":"/staff/role","component":"staff/role","name":"角色列表","menuShow":true,"leaf":true,"level":2,"ordering":104,"parentId":4,"id":41},{"path":"/staff/permissions","component":"staff/permissions","name":"权限资源","menuShow":true,"leaf":true,"level":2,"ordering":105,"parentId":4,"id":42},{"path":"/shops/list","component":"shops/list","name":"店铺列表","menuShow":true,"leaf":true,"level":2,"ordering":109,"parentId":6,"id":60},{"path":"/report/consume","component":"report/consume","name":"消费数据统计","menuShow":true,"leaf":true,"level":2,"ordering":113,"parentId":9,"id":90}],"errorCode":"0","user":{"nickName":"超级管理员","id":1,"userName":"admin","email":"admin@qq.com"},"token":"1dbebe81c7ddacfd6c762d56eba7bae7"}
[INFO ] 12:52:33.481 [http-nio-8089-exec-9] c.c.p.f.i.AuthTokenInterceptor - can not cast handler to HandlerMethod.class
[ERROR] 12:52:33.624 [http-nio-8089-exec-10] c.c.p.f.controller.BaseController - java.text.ParseException: Unparseable date: "2018-05-16T09:30:12.000+0000"
[ERROR] 12:52:33.628 [http-nio-8089-exec-10] c.c.p.f.controller.BaseController - java.text.ParseException: Unparseable date: "2018-05-17T02:26:54.000+0000"
[INFO ] 12:52:33.631 [http-nio-8089-exec-10] com.cjcx.pay.api.v1.ShopsController - Shops merge:true
[INFO ] 17:39:34.344 [main] com.cjcx.pay.MallPayApplication - Starting MallPayApplication on guo-PC with PID 11700 (C:\Users\guo\workspace\idea\cloud-dev\mall-pay\target\classes started by guo in C:\Users\guo\workspace\idea\cloud-dev)
[INFO ] 17:39:34.348 [main] com.cjcx.pay.MallPayApplication - No active profile set, falling back to default profiles: default
[INFO ] 17:39:38.560 [main] c.c.p.f.druid.DataBaseConfiguration - 注入druid！！！
[INFO ] 17:39:41.347 [main] c.c.p.f.config.SpringContextHolder - 获取Spring上下文...
[INFO ] 17:39:43.343 [main] com.cjcx.pay.startup.InitServlet - InitServlet  start
[INFO ] 17:39:43.433 [main] com.cjcx.pay.cache.CacheHolder - ===>>> Init SystemParam Put End   <<<=== All Time:88
[INFO ] 17:39:43.435 [main] com.cjcx.pay.cache.CacheHolder - Cache 结束 用时:90ms
[INFO ] 17:39:43.435 [main] com.cjcx.pay.startup.InitServlet - InitServlet end
[INFO ] 17:39:43.447 [main] com.cjcx.pay.MallPayApplication - Started MallPayApplication in 9.869 seconds (JVM running for 13.424)
[INFO ] 17:40:00.018 [cron-task1] com.cjcx.pay.cache.CacheTask - 任务: cron-task1 SystemParam 结束 用时:17ms
[INFO ] 17:41:38.916 [http-nio-8089-exec-1] com.cjcx.pay.service.LoginService - SP_LOGIN(admin, bb123456, 0:0:0:0:0:0:0:1 null)
[INFO ] 17:41:39.579 [http-nio-8089-exec-1] com.cjcx.pay.service.LoginService - login in:9b98ca2c227c8187dfe9abf029d81144
[INFO ] 17:41:39.625 [http-nio-8089-exec-1] com.cjcx.pay.api.v1.StaffController - Login user:admin, pwd:bb123456, ip:0:0:0:0:0:0:0:1 Result: {"permissions":[{"path":"/","component":"Home","name":"扫码管理","iconCls":"el-icon-menu","menuShow":true,"leaf":false,"level":1,"ordering":3,"parentId":0,"id":2},{"path":"/","component":"Home","name":"店铺管理","iconCls":"el-icon-menu","menuShow":true,"leaf":false,"level":1,"ordering":11,"parentId":0,"id":6},{"path":"/","component":"Home","name":"统计报表","iconCls":"el-icon-menu","menuShow":true,"leaf":false,"level":1,"ordering":55,"parentId":0,"id":9},{"path":"/","component":"Home","name":"系统管理","iconCls":"el-icon-setting","menuShow":true,"leaf":false,"level":1,"ordering":99,"parentId":0,"id":4},{"path":"/transaction/list","component":"transaction/list","name":"扫码记录","iconCls":"","menuShow":true,"leaf":true,"level":2,"ordering":100,"parentId":2,"id":20},{"path":"/staff/list","component":"staff/list","name":"管理员列表","menuShow":true,"leaf":true,"level":2,"ordering":103,"parentId":4,"id":40},{"path":"/staff/role","component":"staff/role","name":"角色列表","menuShow":true,"leaf":true,"level":2,"ordering":104,"parentId":4,"id":41},{"path":"/staff/permissions","component":"staff/permissions","name":"权限资源","menuShow":true,"leaf":true,"level":2,"ordering":105,"parentId":4,"id":42},{"path":"/shops/list","component":"shops/list","name":"店铺列表","menuShow":true,"leaf":true,"level":2,"ordering":109,"parentId":6,"id":60},{"path":"/report/consume","component":"report/consume","name":"消费数据统计","menuShow":true,"leaf":true,"level":2,"ordering":113,"parentId":9,"id":90}],"errorCode":"0","user":{"nickName":"超级管理员","id":1,"userName":"admin","email":"admin@qq.com"},"token":"9b98ca2c227c8187dfe9abf029d81144"}
[INFO ] 17:43:51.734 [http-nio-8089-exec-9] com.cjcx.pay.service.LoginService - SP_LOGIN(admin, bb123456, 0:0:0:0:0:0:0:1 null)
[INFO ] 17:43:51.971 [http-nio-8089-exec-9] com.cjcx.pay.service.LoginService - login in:aea459951e923c41dc607c20ee36bc33
[INFO ] 17:43:51.973 [http-nio-8089-exec-9] com.cjcx.pay.api.v1.StaffController - Login user:admin, pwd:bb123456, ip:0:0:0:0:0:0:0:1 Result: {"permissions":[{"path":"/","component":"Home","name":"扫码管理","iconCls":"el-icon-menu","menuShow":true,"leaf":false,"level":1,"ordering":3,"parentId":0,"id":2},{"path":"/","component":"Home","name":"店铺管理","iconCls":"el-icon-menu","menuShow":true,"leaf":false,"level":1,"ordering":11,"parentId":0,"id":6},{"path":"/","component":"Home","name":"统计报表","iconCls":"el-icon-menu","menuShow":true,"leaf":false,"level":1,"ordering":55,"parentId":0,"id":9},{"path":"/","component":"Home","name":"系统管理","iconCls":"el-icon-setting","menuShow":true,"leaf":false,"level":1,"ordering":99,"parentId":0,"id":4},{"path":"/transaction/list","component":"transaction/list","name":"扫码记录","iconCls":"","menuShow":true,"leaf":true,"level":2,"ordering":100,"parentId":2,"id":20},{"path":"/staff/list","component":"staff/list","name":"管理员列表","menuShow":true,"leaf":true,"level":2,"ordering":103,"parentId":4,"id":40},{"path":"/staff/role","component":"staff/role","name":"角色列表","menuShow":true,"leaf":true,"level":2,"ordering":104,"parentId":4,"id":41},{"path":"/staff/permissions","component":"staff/permissions","name":"权限资源","menuShow":true,"leaf":true,"level":2,"ordering":105,"parentId":4,"id":42},{"path":"/shops/list","component":"shops/list","name":"店铺列表","menuShow":true,"leaf":true,"level":2,"ordering":109,"parentId":6,"id":60},{"path":"/report/consume","component":"report/consume","name":"消费数据统计","menuShow":true,"leaf":true,"level":2,"ordering":113,"parentId":9,"id":90}],"errorCode":"0","user":{"nickName":"超级管理员","id":1,"userName":"admin","email":"admin@qq.com"},"token":"aea459951e923c41dc607c20ee36bc33"}
[INFO ] 17:43:56.367 [http-nio-8089-exec-10] c.c.p.f.i.AuthTokenInterceptor - can not cast handler to HandlerMethod.class
[INFO ] 17:43:56.368 [http-nio-8089-exec-1] c.c.p.f.i.AuthTokenInterceptor - can not cast handler to HandlerMethod.class
[INFO ] 17:43:59.325 [http-nio-8089-exec-2] c.c.p.f.i.AuthTokenInterceptor - can not cast handler to HandlerMethod.class
[INFO ] 17:43:59.328 [http-nio-8089-exec-5] c.c.p.f.i.AuthTokenInterceptor - can not cast handler to HandlerMethod.class
[INFO ] 17:44:00.744 [http-nio-8089-exec-8] c.c.p.f.i.AuthTokenInterceptor - can not cast handler to HandlerMethod.class
[INFO ] 17:44:04.111 [http-nio-8089-exec-1] c.c.p.f.i.AuthTokenInterceptor - can not cast handler to HandlerMethod.class
[INFO ] 17:44:04.166 [http-nio-8089-exec-3] com.cjcx.pay.api.v1.RoleController - id:1
[INFO ] 17:44:04.169 [http-nio-8089-exec-3] com.cjcx.pay.api.v1.RoleController - keys:2,4,6,9,20,40,41,42,60,61,90
[INFO ] 17:44:13.627 [http-nio-8089-exec-2] c.c.p.f.i.AuthTokenInterceptor - can not cast handler to HandlerMethod.class
[INFO ] 17:44:13.640 [http-nio-8089-exec-5] com.cjcx.pay.service.LoginService - logout:aea459951e923c41dc607c20ee36bc33
[INFO ] 17:44:17.694 [http-nio-8089-exec-6] com.cjcx.pay.service.LoginService - SP_LOGIN(admin, bb123456, 0:0:0:0:0:0:0:1 null)
[INFO ] 17:44:17.973 [http-nio-8089-exec-6] com.cjcx.pay.service.LoginService - login in:75e5e28efbf9cf46c0d5b1fadc3e222f
[INFO ] 17:44:17.976 [http-nio-8089-exec-6] com.cjcx.pay.api.v1.StaffController - Login user:admin, pwd:bb123456, ip:0:0:0:0:0:0:0:1 Result: {"permissions":[{"path":"/","component":"Home","name":"扫码管理","iconCls":"el-icon-menu","menuShow":true,"leaf":false,"level":1,"ordering":3,"parentId":0,"id":2},{"path":"/","component":"Home","name":"店铺管理","iconCls":"el-icon-menu","menuShow":true,"leaf":false,"level":1,"ordering":11,"parentId":0,"id":6},{"path":"/","component":"Home","name":"统计报表","iconCls":"el-icon-menu","menuShow":true,"leaf":false,"level":1,"ordering":55,"parentId":0,"id":9},{"path":"/","component":"Home","name":"系统管理","iconCls":"el-icon-setting","menuShow":true,"leaf":false,"level":1,"ordering":99,"parentId":0,"id":4},{"path":"/transaction/list","component":"transaction/list","name":"扫码记录","iconCls":"","menuShow":true,"leaf":true,"level":2,"ordering":100,"parentId":2,"id":20},{"path":"/staff/list","component":"staff/list","name":"管理员列表","menuShow":true,"leaf":true,"level":2,"ordering":103,"parentId":4,"id":40},{"path":"/staff/role","component":"staff/role","name":"角色列表","menuShow":true,"leaf":true,"level":2,"ordering":104,"parentId":4,"id":41},{"path":"/staff/permissions","component":"staff/permissions","name":"权限资源","menuShow":true,"leaf":true,"level":2,"ordering":105,"parentId":4,"id":42},{"path":"/shops/list","component":"shops/list","name":"店铺列表","menuShow":true,"leaf":true,"level":2,"ordering":109,"parentId":6,"id":60},{"path":"/shops/barcode","component":"shops/barcode","name":"商品编码","menuShow":true,"leaf":true,"level":2,"ordering":111,"parentId":6,"id":61},{"path":"/report/consume","component":"report/consume","name":"消费数据统计","menuShow":true,"leaf":true,"level":2,"ordering":113,"parentId":9,"id":90}],"errorCode":"0","user":{"nickName":"超级管理员","id":1,"userName":"admin","email":"admin@qq.com"},"token":"75e5e28efbf9cf46c0d5b1fadc3e222f"}
[INFO ] 17:44:20.519 [http-nio-8089-exec-8] c.c.p.f.i.AuthTokenInterceptor - can not cast handler to HandlerMethod.class
[INFO ] 17:44:20.520 [http-nio-8089-exec-7] c.c.p.f.i.AuthTokenInterceptor - can not cast handler to HandlerMethod.class
[INFO ] 17:44:31.215 [http-nio-8089-exec-10] c.c.p.f.i.AuthTokenInterceptor - can not cast handler to HandlerMethod.class
[INFO ] 17:44:33.893 [http-nio-8089-exec-4] c.c.p.f.i.AuthTokenInterceptor - can not cast handler to HandlerMethod.class
[INFO ] 17:44:38.534 [http-nio-8089-exec-5] c.c.p.f.i.AuthTokenInterceptor - can not cast handler to HandlerMethod.class
[INFO ] 17:45:00.023 [cron-task1] com.cjcx.pay.cache.CacheTask - 任务: cron-task1 SystemParam 结束 用时:15ms
[INFO ] 17:45:20.125 [main] com.cjcx.pay.MallPayApplication - Starting MallPayApplication on guo-PC with PID 12460 (C:\Users\guo\workspace\idea\cloud-dev\mall-pay\target\classes started by guo in C:\Users\guo\workspace\idea\cloud-dev)
[INFO ] 17:45:20.130 [main] com.cjcx.pay.MallPayApplication - No active profile set, falling back to default profiles: default
[INFO ] 17:45:25.126 [main] c.c.p.f.druid.DataBaseConfiguration - 注入druid！！！
[INFO ] 17:45:26.904 [main] c.c.p.f.config.SpringContextHolder - 获取Spring上下文...
[INFO ] 17:45:28.789 [main] com.cjcx.pay.startup.InitServlet - InitServlet  start
[INFO ] 17:45:28.851 [main] com.cjcx.pay.cache.CacheHolder - ===>>> Init SystemParam Put End   <<<=== All Time:60
[INFO ] 17:45:28.853 [main] com.cjcx.pay.cache.CacheHolder - Cache 结束 用时:62ms
[INFO ] 17:45:28.853 [main] com.cjcx.pay.startup.InitServlet - InitServlet end
[INFO ] 17:45:28.867 [main] com.cjcx.pay.MallPayApplication - Started MallPayApplication in 9.468 seconds (JVM running for 11.835)
[INFO ] 17:46:07.812 [http-nio-8089-exec-3] c.c.p.f.i.AuthTokenInterceptor - can not cast handler to HandlerMethod.class
[INFO ] 17:46:10.845 [http-nio-8089-exec-5] c.c.p.f.i.AuthTokenInterceptor - can not cast handler to HandlerMethod.class
[INFO ] 17:46:17.927 [http-nio-8089-exec-9] c.c.p.f.i.AuthTokenInterceptor - can not cast handler to HandlerMethod.class
[INFO ] 17:46:23.004 [http-nio-8089-exec-4] c.c.p.f.i.AuthTokenInterceptor - can not cast handler to HandlerMethod.class
[INFO ] 17:48:55.578 [main] com.cjcx.pay.MallPayApplication - Starting MallPayApplication on guo-PC with PID 11604 (C:\Users\guo\workspace\idea\cloud-dev\mall-pay\target\classes started by guo in C:\Users\guo\workspace\idea\cloud-dev)
[INFO ] 17:48:55.583 [main] com.cjcx.pay.MallPayApplication - No active profile set, falling back to default profiles: default
[INFO ] 17:48:59.793 [main] c.c.p.f.druid.DataBaseConfiguration - 注入druid！！！
[INFO ] 17:49:02.135 [main] c.c.p.f.config.SpringContextHolder - 获取Spring上下文...
[INFO ] 17:49:03.867 [main] com.cjcx.pay.startup.InitServlet - InitServlet  start
[INFO ] 17:49:03.960 [main] com.cjcx.pay.cache.CacheHolder - ===>>> Init SystemParam Put End   <<<=== All Time:90
[INFO ] 17:49:03.962 [main] com.cjcx.pay.cache.CacheHolder - Cache 结束 用时:92ms
[INFO ] 17:49:03.962 [main] com.cjcx.pay.startup.InitServlet - InitServlet end
[INFO ] 17:49:03.975 [main] com.cjcx.pay.MallPayApplication - Started MallPayApplication in 9.135 seconds (JVM running for 11.546)
[INFO ] 17:50:00.090 [cron-task1] com.cjcx.pay.cache.CacheTask - 任务: cron-task1 SystemParam 结束 用时:88ms
[INFO ] 17:54:29.366 [main] com.cjcx.pay.MallPayApplication - Starting MallPayApplication on guo-PC with PID 13304 (C:\Users\guo\workspace\idea\cloud-dev\mall-pay\target\classes started by guo in C:\Users\guo\workspace\idea\cloud-dev)
[INFO ] 17:54:29.375 [main] com.cjcx.pay.MallPayApplication - No active profile set, falling back to default profiles: default
[INFO ] 17:54:34.790 [main] c.c.p.f.druid.DataBaseConfiguration - 注入druid！！！
[INFO ] 17:54:37.170 [main] c.c.p.f.config.SpringContextHolder - 获取Spring上下文...
[INFO ] 17:54:39.904 [main] com.cjcx.pay.startup.InitServlet - InitServlet  start
[INFO ] 17:54:39.984 [main] com.cjcx.pay.cache.CacheHolder - ===>>> Init SystemParam Put End   <<<=== All Time:77
[INFO ] 17:54:39.987 [main] com.cjcx.pay.cache.CacheHolder - Cache 结束 用时:80ms
[INFO ] 17:54:39.987 [main] com.cjcx.pay.startup.InitServlet - InitServlet end
[INFO ] 17:54:40.005 [main] com.cjcx.pay.MallPayApplication - Started MallPayApplication in 11.431 seconds (JVM running for 16.643)
[INFO ] 17:55:00.015 [cron-task1] com.cjcx.pay.cache.CacheTask - 任务: cron-task1 SystemParam 结束 用时:14ms
[INFO ] 17:55:08.712 [http-nio-8089-exec-1] c.c.p.f.i.AuthTokenInterceptor - can not cast handler to HandlerMethod.class
[INFO ] 17:55:08.712 [http-nio-8089-exec-2] c.c.p.f.i.AuthTokenInterceptor - can not cast handler to HandlerMethod.class
[INFO ] 17:57:41.198 [main] com.cjcx.pay.MallPayApplication - Starting MallPayApplication on guo-PC with PID 13192 (C:\Users\guo\workspace\idea\cloud-dev\mall-pay\target\classes started by guo in C:\Users\guo\workspace\idea\cloud-dev)
[INFO ] 17:57:41.209 [main] com.cjcx.pay.MallPayApplication - No active profile set, falling back to default profiles: default
[INFO ] 17:57:46.731 [main] c.c.p.f.druid.DataBaseConfiguration - 注入druid！！！
[INFO ] 17:57:48.386 [main] c.c.p.f.config.SpringContextHolder - 获取Spring上下文...
[INFO ] 17:57:51.149 [main] com.cjcx.pay.startup.InitServlet - InitServlet  start
[INFO ] 17:57:51.239 [main] com.cjcx.pay.cache.CacheHolder - ===>>> Init SystemParam Put End   <<<=== All Time:87
[INFO ] 17:57:51.242 [main] com.cjcx.pay.cache.CacheHolder - Cache 结束 用时:90ms
[INFO ] 17:57:51.242 [main] com.cjcx.pay.startup.InitServlet - InitServlet end
[INFO ] 17:57:51.261 [main] com.cjcx.pay.MallPayApplication - Started MallPayApplication in 11.341 seconds (JVM running for 13.829)
[INFO ] 17:58:19.355 [http-nio-8089-exec-4] c.c.p.f.i.AuthTokenInterceptor - can not cast handler to HandlerMethod.class
[INFO ] 17:58:21.341 [http-nio-8089-exec-7] c.c.p.f.i.AuthTokenInterceptor - can not cast handler to HandlerMethod.class
[INFO ] 18:00:00.019 [cron-task1] com.cjcx.pay.cache.CacheTask - 任务: cron-task1 SystemParam 结束 用时:14ms
[INFO ] 18:04:26.777 [http-nio-8089-exec-2] c.c.p.f.i.AuthTokenInterceptor - can not cast handler to HandlerMethod.class
[INFO ] 18:04:31.138 [http-nio-8089-exec-4] c.c.p.f.i.AuthTokenInterceptor - can not cast handler to HandlerMethod.class
[INFO ] 18:05:00.025 [cron-task1] com.cjcx.pay.cache.CacheTask - 任务: cron-task1 SystemParam 结束 用时:17ms
[INFO ] 18:10:00.098 [cron-task1] com.cjcx.pay.cache.CacheTask - 任务: cron-task1 SystemParam 结束 用时:89ms
[INFO ] 18:13:14.421 [http-nio-8089-exec-6] c.c.p.f.i.AuthTokenInterceptor - can not cast handler to HandlerMethod.class
[INFO ] 18:13:14.422 [http-nio-8089-exec-8] c.c.p.f.i.AuthTokenInterceptor - can not cast handler to HandlerMethod.class
[INFO ] 18:14:18.004 [http-nio-8089-exec-1] c.c.p.f.i.AuthTokenInterceptor - can not cast handler to HandlerMethod.class
[INFO ] 18:15:06.889 [main] com.cjcx.pay.MallPayApplication - Starting MallPayApplication on guo-PC with PID 12796 (C:\Users\guo\workspace\idea\cloud-dev\mall-pay\target\classes started by guo in C:\Users\guo\workspace\idea\cloud-dev)
[INFO ] 18:15:06.975 [main] com.cjcx.pay.MallPayApplication - No active profile set, falling back to default profiles: default
[INFO ] 18:15:12.555 [main] c.c.p.f.druid.DataBaseConfiguration - 注入druid！！！
[INFO ] 18:15:14.574 [main] c.c.p.f.config.SpringContextHolder - 获取Spring上下文...
[INFO ] 18:15:17.306 [main] com.cjcx.pay.startup.InitServlet - InitServlet  start
[INFO ] 18:15:17.387 [main] com.cjcx.pay.cache.CacheHolder - ===>>> Init SystemParam Put End   <<<=== All Time:77
[INFO ] 18:15:17.389 [main] com.cjcx.pay.cache.CacheHolder - Cache 结束 用时:79ms
[INFO ] 18:15:17.389 [main] com.cjcx.pay.startup.InitServlet - InitServlet end
[INFO ] 18:15:17.409 [main] com.cjcx.pay.MallPayApplication - Started MallPayApplication in 11.418 seconds (JVM running for 14.024)
[INFO ] 18:16:52.176 [http-nio-8089-exec-3] c.c.p.f.i.AuthTokenInterceptor - can not cast handler to HandlerMethod.class
[INFO ] 18:18:25.486 [main] com.cjcx.pay.MallPayApplication - Starting MallPayApplication on guo-PC with PID 10880 (C:\Users\guo\workspace\idea\cloud-dev\mall-pay\target\classes started by guo in C:\Users\guo\workspace\idea\cloud-dev)
[INFO ] 18:18:25.499 [main] com.cjcx.pay.MallPayApplication - No active profile set, falling back to default profiles: default
[INFO ] 18:18:31.105 [main] c.c.p.f.druid.DataBaseConfiguration - 注入druid！！！
[INFO ] 18:18:33.252 [main] c.c.p.f.config.SpringContextHolder - 获取Spring上下文...
[INFO ] 18:18:36.499 [main] com.cjcx.pay.startup.InitServlet - InitServlet  start
[INFO ] 18:18:36.625 [main] com.cjcx.pay.cache.CacheHolder - ===>>> Init SystemParam Put End   <<<=== All Time:125
[INFO ] 18:18:36.628 [main] com.cjcx.pay.cache.CacheHolder - Cache 结束 用时:128ms
[INFO ] 18:18:36.631 [main] com.cjcx.pay.startup.InitServlet - InitServlet end
[INFO ] 18:18:36.672 [main] com.cjcx.pay.MallPayApplication - Started MallPayApplication in 12.503 seconds (JVM running for 15.162)
[INFO ] 18:19:57.096 [http-nio-8089-exec-7] c.c.p.api.v1.ShopsBarcodeController - ShopsBarcodeDto(shopsName=null)
[INFO ] 18:20:00.026 [cron-task1] com.cjcx.pay.cache.CacheTask - 任务: cron-task1 SystemParam 结束 用时:22ms
[INFO ] 18:24:43.919 [main] com.cjcx.pay.MallPayApplication - Starting MallPayApplication on guo-PC with PID 5820 (C:\Users\guo\workspace\idea\cloud-dev\mall-pay\target\classes started by guo in C:\Users\guo\workspace\idea\cloud-dev)
[INFO ] 18:24:43.926 [main] com.cjcx.pay.MallPayApplication - No active profile set, falling back to default profiles: default
[INFO ] 18:24:49.766 [main] c.c.p.f.druid.DataBaseConfiguration - 注入druid！！！
[INFO ] 18:24:51.684 [main] c.c.p.f.config.SpringContextHolder - 获取Spring上下文...
[INFO ] 18:24:54.450 [main] com.cjcx.pay.startup.InitServlet - InitServlet  start
[INFO ] 18:24:54.537 [main] com.cjcx.pay.cache.CacheHolder - ===>>> Init SystemParam Put End   <<<=== All Time:84
[INFO ] 18:24:54.540 [main] com.cjcx.pay.cache.CacheHolder - Cache 结束 用时:87ms
[INFO ] 18:24:54.540 [main] com.cjcx.pay.startup.InitServlet - InitServlet end
[INFO ] 18:24:54.563 [main] com.cjcx.pay.MallPayApplication - Started MallPayApplication in 11.647 seconds (JVM running for 14.22)
[INFO ] 18:25:00.018 [cron-task1] com.cjcx.pay.cache.CacheTask - 任务: cron-task1 SystemParam 结束 用时:17ms
[INFO ] 18:25:29.277 [http-nio-8089-exec-2] c.c.p.f.i.AuthTokenInterceptor - can not cast handler to HandlerMethod.class
[INFO ] 18:25:29.277 [http-nio-8089-exec-1] c.c.p.f.i.AuthTokenInterceptor - can not cast handler to HandlerMethod.class
[INFO ] 18:31:26.196 [main] com.cjcx.pay.MallPayApplication - Starting MallPayApplication on guo-PC with PID 6904 (C:\Users\guo\workspace\idea\cloud-dev\mall-pay\target\classes started by guo in C:\Users\guo\workspace\idea\cloud-dev)
[INFO ] 18:31:26.201 [main] com.cjcx.pay.MallPayApplication - No active profile set, falling back to default profiles: default
[INFO ] 18:31:31.227 [main] c.c.p.f.druid.DataBaseConfiguration - 注入druid！！！
[INFO ] 18:31:33.037 [main] c.c.p.f.config.SpringContextHolder - 获取Spring上下文...
[INFO ] 18:31:34.785 [main] com.cjcx.pay.startup.InitServlet - InitServlet  start
[INFO ] 18:31:34.839 [main] com.cjcx.pay.cache.CacheHolder - ===>>> Init SystemParam Put End   <<<=== All Time:52
[INFO ] 18:31:34.841 [main] com.cjcx.pay.cache.CacheHolder - Cache 结束 用时:54ms
[INFO ] 18:31:34.841 [main] com.cjcx.pay.startup.InitServlet - InitServlet end
[INFO ] 18:31:34.855 [main] com.cjcx.pay.MallPayApplication - Started MallPayApplication in 9.425 seconds (JVM running for 11.394)
[INFO ] 18:32:35.938 [http-nio-8089-exec-3] c.c.p.f.i.AuthTokenInterceptor - can not cast handler to HandlerMethod.class
[INFO ] 18:32:36.011 [http-nio-8089-exec-4] c.c.p.api.v1.ShopsBarcodeController - com.cjcx.pay.dto.ShopsBarcodeDto@4662973b
[INFO ] 18:34:19.429 [http-nio-8089-exec-7] c.c.p.api.v1.ShopsBarcodeController - com.cjcx.pay.dto.ShopsBarcodeDto@74353555
[INFO ] 18:35:00.019 [cron-task1] com.cjcx.pay.cache.CacheTask - 任务: cron-task1 SystemParam 结束 用时:14ms
[INFO ] 18:36:47.002 [main] com.cjcx.pay.MallPayApplication - Starting MallPayApplication on guo-PC with PID 10752 (C:\Users\guo\workspace\idea\cloud-dev\mall-pay\target\classes started by guo in C:\Users\guo\workspace\idea\cloud-dev)
[INFO ] 18:36:47.008 [main] com.cjcx.pay.MallPayApplication - No active profile set, falling back to default profiles: default
[INFO ] 18:36:51.556 [main] c.c.p.f.druid.DataBaseConfiguration - 注入druid！！！
[INFO ] 18:36:53.799 [main] c.c.p.f.config.SpringContextHolder - 获取Spring上下文...
[INFO ] 18:36:55.622 [main] com.cjcx.pay.startup.InitServlet - InitServlet  start
[INFO ] 18:36:55.686 [main] com.cjcx.pay.cache.CacheHolder - ===>>> Init SystemParam Put End   <<<=== All Time:61
[INFO ] 18:36:55.688 [main] com.cjcx.pay.cache.CacheHolder - Cache 结束 用时:63ms
[INFO ] 18:36:55.688 [main] com.cjcx.pay.startup.InitServlet - InitServlet end
[INFO ] 18:36:55.701 [main] com.cjcx.pay.MallPayApplication - Started MallPayApplication in 9.533 seconds (JVM running for 11.692)
[INFO ] 18:37:04.504 [http-nio-8089-exec-2] c.c.p.f.i.AuthTokenInterceptor - can not cast handler to HandlerMethod.class
[INFO ] 18:37:04.504 [http-nio-8089-exec-1] c.c.p.f.i.AuthTokenInterceptor - can not cast handler to HandlerMethod.class
[INFO ] 18:37:10.921 [http-nio-8089-exec-5] c.c.p.f.i.AuthTokenInterceptor - can not cast handler to HandlerMethod.class
[INFO ] 18:37:10.995 [http-nio-8089-exec-6] c.c.p.api.v1.ShopsBarcodeController - ShopsBarcodeDto{shopsName='null'ShopsBarcode{shopsId=1, name='1', wechatCode='2', barcode='3', amount=4.0, isDelete=null, id=0, updateTime=null, updateBy='null', createTime=null, createBy='null'}}
[INFO ] 18:40:00.069 [cron-task1] com.cjcx.pay.cache.CacheTask - 任务: cron-task1 SystemParam 结束 用时:63ms
[INFO ] 18:45:00.048 [cron-task1] com.cjcx.pay.cache.CacheTask - 任务: cron-task1 SystemParam 结束 用时:40ms
[INFO ] 18:50:00.040 [cron-task1] com.cjcx.pay.cache.CacheTask - 任务: cron-task1 SystemParam 结束 用时:32ms
[INFO ] 18:50:36.702 [http-nio-8089-exec-9] c.c.p.f.i.AuthTokenInterceptor - can not cast handler to HandlerMethod.class
[INFO ] 18:50:36.759 [http-nio-8089-exec-10] c.c.p.api.v1.ShopsBarcodeController - ShopsBarcodeDto{shopsName='null'ShopsBarcode{shopsId=1, name='1', wechatCode='2', barcode='3', amount=4.0, isDelete=null, id=0, updateTime=null, updateBy='null', createTime=null, createBy='null'}}
[INFO ] 18:50:52.001 [main] com.cjcx.pay.MallPayApplication - Starting MallPayApplication on guo-PC with PID 10968 (C:\Users\guo\workspace\idea\cloud-dev\mall-pay\target\classes started by guo in C:\Users\guo\workspace\idea\cloud-dev)
[INFO ] 18:50:52.007 [main] com.cjcx.pay.MallPayApplication - No active profile set, falling back to default profiles: default
[INFO ] 18:50:57.760 [main] c.c.p.f.druid.DataBaseConfiguration - 注入druid！！！
[INFO ] 18:50:59.752 [main] c.c.p.f.config.SpringContextHolder - 获取Spring上下文...
[INFO ] 18:51:02.477 [main] com.cjcx.pay.startup.InitServlet - InitServlet  start
[INFO ] 18:51:02.569 [main] com.cjcx.pay.cache.CacheHolder - ===>>> Init SystemParam Put End   <<<=== All Time:88
[INFO ] 18:51:02.571 [main] com.cjcx.pay.cache.CacheHolder - Cache 结束 用时:90ms
[INFO ] 18:51:02.571 [main] com.cjcx.pay.startup.InitServlet - InitServlet end
[INFO ] 18:51:02.591 [main] com.cjcx.pay.MallPayApplication - Started MallPayApplication in 12.072 seconds (JVM running for 14.714)
[INFO ] 18:52:09.227 [http-nio-8089-exec-1] c.c.p.f.i.AuthTokenInterceptor - can not cast handler to HandlerMethod.class
[INFO ] 18:52:18.473 [http-nio-8089-exec-4] c.c.p.f.i.AuthTokenInterceptor - can not cast handler to HandlerMethod.class
[INFO ] 18:52:18.516 [http-nio-8089-exec-6] com.cjcx.pay.api.v1.ShopsController - Shops delete:2
[INFO ] 18:55:00.135 [cron-task1] com.cjcx.pay.cache.CacheTask - 任务: cron-task1 SystemParam 结束 用时:128ms
[INFO ] 19:00:00.063 [cron-task1] com.cjcx.pay.cache.CacheTask - 任务: cron-task1 SystemParam 结束 用时:55ms
[INFO ] 19:02:26.757 [http-nio-8089-exec-8] c.c.p.f.i.AuthTokenInterceptor - can not cast handler to HandlerMethod.class
[INFO ] 19:02:28.280 [http-nio-8089-exec-2] c.c.p.f.i.AuthTokenInterceptor - can not cast handler to HandlerMethod.class
[INFO ] 19:02:28.287 [http-nio-8089-exec-1] c.c.p.f.i.AuthTokenInterceptor - can not cast handler to HandlerMethod.class
[INFO ] 19:02:36.728 [http-nio-8089-exec-5] c.c.p.f.i.AuthTokenInterceptor - can not cast handler to HandlerMethod.class
[INFO ] 19:02:36.788 [http-nio-8089-exec-7] com.cjcx.pay.api.v1.ShopsController - Shops merge:false
[INFO ] 19:02:43.633 [http-nio-8089-exec-8] c.c.p.f.i.AuthTokenInterceptor - can not cast handler to HandlerMethod.class
[ERROR] 19:02:43.746 [http-nio-8089-exec-10] c.c.p.f.controller.BaseController - java.text.ParseException: Unparseable date: "2018-08-29T11:02:37.000+0000"
[INFO ] 19:02:43.747 [http-nio-8089-exec-10] com.cjcx.pay.api.v1.ShopsController - Shops merge:false
[INFO ] 19:02:56.618 [http-nio-8089-exec-8] c.c.p.f.i.AuthTokenInterceptor - can not cast handler to HandlerMethod.class
[INFO ] 19:02:56.624 [http-nio-8089-exec-9] c.c.p.f.i.AuthTokenInterceptor - can not cast handler to HandlerMethod.class
[INFO ] 19:02:57.281 [http-nio-8089-exec-4] c.c.p.f.i.AuthTokenInterceptor - can not cast handler to HandlerMethod.class
[INFO ] 19:02:57.285 [http-nio-8089-exec-4] c.c.p.f.i.AuthTokenInterceptor - can not cast handler to HandlerMethod.class
[INFO ] 19:03:22.108 [http-nio-8089-exec-10] c.c.p.f.i.AuthTokenInterceptor - can not cast handler to HandlerMethod.class
